<?xml version="1.0" encoding="UTF-8"?>
<!-- Generated by org.testng.reporters.JUnitReportReporter -->
<testsuite skipped="0" hostname="XIPL0425" name="com.seleniumgrid.selenium_grid.GridTest" tests="5" failures="0" timestamp="27 Feb 2019 12:03:42 GMT" time="100.366" errors="0">
  <testcase name="bm" time="20.827" classname="com.seleniumgrid.selenium_grid.GridTest"/>
  <testcase name="em" time="18.269" classname="com.seleniumgrid.selenium_grid.GridTest"/>
  <testcase name="am" time="22.940" classname="com.seleniumgrid.selenium_grid.GridTest"/>
  <testcase name="dm" time="19.063" classname="com.seleniumgrid.selenium_grid.GridTest"/>
  <testcase name="cm" time="19.267" classname="com.seleniumgrid.selenium_grid.GridTest"/>
</testsuite> <!-- com.seleniumgrid.selenium_grid.GridTest -->
