<?xml version="1.0" encoding="UTF-8"?>
<!-- Generated by org.testng.reporters.JUnitReportReporter -->
<testsuite skipped="0" hostname="XIPL0425" name="selenium_grid.GridTest" tests="5" failures="0" timestamp="27 Feb 2019 15:14:22 GMT" time="346.173" errors="0">
  <testcase name="am" time="69.200" classname="selenium_grid.GridTest"/>
  <testcase name="cm" time="69.207" classname="selenium_grid.GridTest"/>
  <testcase name="bm" time="69.273" classname="selenium_grid.GridTest"/>
  <testcase name="dm" time="69.229" classname="selenium_grid.GridTest"/>
  <testcase name="em" time="69.264" classname="selenium_grid.GridTest"/>
</testsuite> <!-- selenium_grid.GridTest -->
